Tue Feb 23 13:24:46 EST 2021
Path to forward read file /fs/ess/PAS1855/users/nghi/week06/pracs-sp21-GA2/data/FASTQ/201-S4-V4-V5_S53_L001_R1_001.fastq
Output directory /fs/ess/PAS1855/users/nghi/week06/pracs-sp21-GA2/results/trim
Forward primer GAGTGYCAGCMGCCGCGGTAA
Reverse primer TTACCGCGGCKGCTGRCACTC
Reverse read file /fs/ess/PAS1855/users/nghi/week06/pracs-sp21-GA2/data/FASTQ/201-S4-V4-V5_S53_L001_R2_001.fastq
Trimmed forward read /fs/ess/PAS1855/users/nghi/week06/pracs-sp21-GA2/results/trim/201-S4-V4-V5_S53_L001_R1_001_trimmed.fastq
Trimmed reverse read /fs/ess/PAS1855/users/nghi/week06/pracs-sp21-GA2/results/trim/201-S4-V4-V5_S53_L001_R2_001_trimmed.fastq
This is cutadapt 3.2 with Python 3.8.8
Command line parameters: -a GAGTGYCAGCMGCCGCGGTAA...TTACCGCGGCKGCTGRCACTC -A TTACCGCGGCKGCTGRCACTC...GAGTGYCAGCMGCCGCGGTAA --discard-untrimmed --pair-filter=any -o /fs/ess/PAS1855/users/nghi/week06/pracs-sp21-GA2/results/trim/201-S4-V4-V5_S53_L001_R1_001_trimmed.fastq -p /fs/ess/PAS1855/users/nghi/week06/pracs-sp21-GA2/results/trim/201-S4-V4-V5_S53_L001_R2_001_trimmed.fastq /fs/ess/PAS1855/users/nghi/week06/pracs-sp21-GA2/data/FASTQ/201-S4-V4-V5_S53_L001_R1_001.fastq /fs/ess/PAS1855/users/nghi/week06/pracs-sp21-GA2/data/FASTQ/201-S4-V4-V5_S53_L001_R2_001.fastq
Processing reads on 1 core in paired-end mode ...
Finished in 2.63 s (56 µs/read; 1.08 M reads/minute).

=== Summary ===

Total read pairs processed:             47,070
  Read 1 with adapter:                  46,921 (99.7%)
  Read 2 with adapter:                      86 (0.2%)
Pairs written (passing filters):            84 (0.2%)

Total basepairs processed:    28,074,076 bp
  Read 1:    14,069,195 bp
  Read 2:    14,004,881 bp
Total written (filtered):         24,264 bp (0.1%)
  Read 1:        21,274 bp
  Read 2:         2,990 bp

=== First read: Adapter 3 ===

Sequence: GAGTGYCAGCMGCCGCGGTAA...TTACCGCGGCKGCTGRCACTC; Type: linked; Length: 21+21; 5' trimmed: 46920 times; 3' trimmed: 38 times


No. of allowed errors:
1-9 bp: 0; 10-19 bp: 1; 20-21 bp: 2

No. of allowed errors:
1-9 bp: 0; 10-19 bp: 1; 20-21 bp: 2

Overview of removed sequences at 5' end
length	count	expect	max.err	error counts
11	1	0.0	1	0 1
20	3	0.0	2	0 1 2
21	1	0.0	2	0 1
22	3	0.0	2	1 1 1
23	3	0.0	2	1 2
24	5	0.0	2	3 0 2
25	4	0.0	2	3 0 1
26	11	0.0	2	6 3 2
27	3	0.0	2	2 0 1
28	10	0.0	2	7 2 1
29	17	0.0	2	12 1 4
30	18	0.0	2	9 7 2
31	49	0.0	2	43 1 5
32	42	0.0	2	22 5 15
33	219	0.0	2	55 58 106
34	1627	0.0	2	546 1054 27
35	44535	0.0	2	43935 575 25
36	63	0.0	2	36 20 7
37	299	0.0	2	0 0 299
38	7	0.0	2	6 1



Overview of removed sequences at 3' end
length	count	expect	max.err	error counts
4	4	183.9	0	4
5	33	46.0	0	33
15	1	0.0	1	0 1


=== Second read: Adapter 6 ===

Sequence: TTACCGCGGCKGCTGRCACTC...GAGTGYCAGCMGCCGCGGTAA; Type: linked; Length: 21+21; 5' trimmed: 77 times; 3' trimmed: 15 times


No. of allowed errors:
1-9 bp: 0; 10-19 bp: 1; 20-21 bp: 2

No. of allowed errors:
1-9 bp: 0; 10-19 bp: 1; 20-21 bp: 2

Overview of removed sequences at 5' end
length	count	expect	max.err	error counts
3	3	735.5	0	3
36	1	0.0	2	0 1
159	1	0.0	2	0 1
160	1	0.0	2	1
218	1	0.0	2	0 0 1
219	2	0.0	2	2
243	1	0.0	2	0 1
252	1	0.0	2	0 1
253	1	0.0	2	1
255	1	0.0	2	0 1
258	1	0.0	2	1
271	1	0.0	2	1
274	1	0.0	2	1
275	2	0.0	2	2
276	2	0.0	2	2
288	1	0.0	2	1
290	1	0.0	2	1
291	1	0.0	2	1
292	1	0.0	2	1
293	1	0.0	2	0 1
294	3	0.0	2	3
295	2	0.0	2	2
296	1	0.0	2	0 1
297	3	0.0	2	2 1
298	4	0.0	2	1 2 1
299	39	0.0	2	4 9 26



Overview of removed sequences at 3' end
length	count	expect	max.err	error counts
3	11	735.5	0	11
4	1	183.9	0	1
5	2	46.0	0	2
286	1	0.0	2	0 1
